TN:
SF:src/NFT.sol
FN:57,NFT.applyBuyChecks
FNDA:3,NFT.applyBuyChecks
DA:58,3
DA:58,3
BRDA:58,0,0,1
BRDA:58,0,1,10
DA:59,0
DA:59,0
DA:62,3
DA:62,3
BRDA:62,1,0,1
BRDA:62,1,1,9
DA:63,0
DA:63,0
FN:69,NFT.applyDiscountChecks
FNDA:3,NFT.applyDiscountChecks
DA:70,3
DA:70,3
BRDA:70,2,0,1
BRDA:70,2,1,8
DA:71,0
DA:71,0
DA:75,3
DA:75,3
BRDA:74,3,0,1
BRDA:74,3,1,7
DA:81,0
DA:81,0
FN:91,NFT.
FNDA:133,NFT.
DA:95,156
DA:95,156
DA:96,117
DA:96,117
FN:104,NFT.setStakingHandler
FNDA:23,NFT.setStakingHandler
DA:105,23
DA:105,23
FN:111,NFT.buy
FNDA:791,NFT.buy
DA:114,788
DA:114,788
DA:116,787
DA:116,787
FN:124,NFT.buyWithDiscount
FNDA:11,NFT.buyWithDiscount
DA:134,7
DA:134,7
DA:134,7
DA:138,7
DA:138,7
BRDA:138,4,0,2
BRDA:138,4,1,5
DA:139,2
DA:139,2
DA:141,5
DA:141,5
DA:142,5
DA:142,5
DA:143,5
DA:143,5
FN:149,NFT.buyAndStake
FNDA:1,NFT.buyAndStake
DA:152,1
DA:152,1
DA:153,1
DA:153,1
DA:155,1
DA:155,1
FN:163,NFT.buyWithDiscountAndStake
FNDA:3,NFT.buyWithDiscountAndStake
DA:173,3
DA:173,3
DA:173,3
DA:177,3
DA:177,3
BRDA:177,5,0,1
BRDA:177,5,1,2
DA:178,1
DA:178,1
DA:180,2
DA:180,2
DA:181,2
DA:181,2
DA:182,2
DA:182,2
DA:184,2
DA:184,2
FN:189,NFT.withdrawFunds
FNDA:2,NFT.withdrawFunds
DA:190,1
DA:190,1
DA:190,1
DA:194,1
DA:194,1
FN:200,NFT.supportsInterface
FNDA:1,NFT.supportsInterface
DA:203,1
DA:203,1
DA:203,1
FN:209,NFT.isClaimed
FNDA:1,NFT.isClaimed
DA:210,11
DA:210,11
DA:210,11
FNF:11
FNH:11
LF:33
LH:29
BRF:12
BRH:12
end_of_record
TN:
SF:src/RewardToken.sol
FN:19,RewardToken.
FNDA:4,RewardToken.
DA:20,4
DA:20,4
FN:27,RewardToken.mint
FNDA:520,RewardToken.mint
DA:28,520
DA:28,520
BRDA:28,0,0,1
BRDA:28,0,1,519
DA:29,1
DA:29,1
DA:31,519
DA:31,519
FN:37,RewardToken.setStakingHandler
FNDA:42,RewardToken.setStakingHandler
DA:38,42
DA:38,42
BRDA:38,1,0,1
BRDA:38,1,1,41
DA:39,1
DA:39,1
DA:41,41
DA:41,41
FN:46,RewardToken.decimals
FNDA:1,RewardToken.decimals
DA:47,1
DA:47,1
DA:47,1
FNF:4
FNH:4
LF:8
LH:8
BRF:4
BRH:4
end_of_record
TN:
SF:src/StakingHandler.sol
FN:71,StakingHandler.
FNDA:6,StakingHandler.
DA:72,6
DA:72,6
DA:73,6
DA:73,6
FN:85,StakingHandler.onERC721Received
FNDA:785,StakingHandler.onERC721Received
DA:91,785
DA:91,785
BRDA:91,0,0,1
BRDA:91,0,1,784
DA:92,1
DA:92,1
DA:95,784
DA:95,784
DA:97,784
DA:97,784
DA:99,784
DA:99,784
DA:101,784
DA:101,784
DA:102,784
DA:102,784
DA:103,784
DA:103,784
DA:107,784
DA:107,784
DA:109,784
DA:109,784
DA:110,784
DA:110,784
FN:115,StakingHandler.withdrawStakingRewards
FNDA:521,StakingHandler.withdrawStakingRewards
DA:116,521
DA:116,521
DA:117,521
DA:117,521
BRDA:117,1,0,1
BRDA:117,1,1,520
DA:118,1
DA:118,1
DA:120,520
DA:120,520
DA:122,520
DA:122,520
DA:122,520
DA:122,520
DA:126,520
DA:126,520
DA:128,520
DA:128,520
DA:130,520
DA:130,520
FN:135,StakingHandler.withdrawNFT
FNDA:259,StakingHandler.withdrawNFT
DA:136,259
DA:136,259
DA:138,259
DA:138,259
BRDA:138,2,0,1
BRDA:138,2,1,258
DA:139,1
DA:139,1
DA:142,258
DA:142,258
BRDA:142,3,0,1
BRDA:142,3,1,257
DA:143,1
DA:143,1
DA:148,257
DA:148,257
DA:148,257
DA:151,257
DA:151,257
DA:154,257
DA:154,257
DA:155,257
DA:155,257
DA:157,257
DA:157,257
DA:159,257
DA:159,257
DA:161,257
DA:161,257
DA:163,257
DA:163,257
DA:165,257
DA:165,257
DA:167,257
DA:167,257
DA:171,257
DA:171,257
DA:173,257
DA:173,257
DA:175,257
DA:175,257
DA:177,257
DA:177,257
DA:179,257
DA:179,257
DA:183,257
DA:183,257
DA:185,257
DA:185,257
DA:187,257
DA:187,257
FN:196,StakingHandler.getStakedTokens
FNDA:3,StakingHandler.getStakedTokens
DA:199,3
DA:199,3
FN:206,StakingHandler._updateRewards
FNDA:1566,StakingHandler._updateRewards
DA:207,1566
DA:207,1566
BRDA:207,4,0,519
BRDA:207,4,1,1566
DA:208,1566
DA:208,1566
DA:211,519
DA:211,519
DA:211,519
DA:218,519
DA:218,519
DA:218,519
DA:219,519
DA:219,519
DA:219,519
DA:221,519
DA:221,519
DA:221,519
DA:224,519
BRDA:224,5,0,1
BRDA:224,5,1,519
DA:225,1
DA:225,1
DA:228,519
DA:228,519
DA:230,519
DA:230,519
DA:231,519
DA:231,519
FNF:6
FNH:6
LF:56
LH:56
BRF:12
BRH:12
end_of_record
TN:
SF:test/harness/StakingHandlerHarness.sol
FN:7,StakingHandlerHardness.
FNDA:4,StakingHandlerHardness.
FN:12,StakingHandlerHardness.updateRewards_HARNESS
FNDA:261,StakingHandlerHardness.updateRewards_HARNESS
DA:13,261
DA:13,261
FNF:2
FNH:2
LF:1
LH:1
BRF:0
BRH:0
end_of_record
